c:\users\alex\source\repos\pc_msfs2020_client\pc_msfs2020_client\x64\debug\vc143.pdb
c:\users\alex\source\repos\pc_msfs2020_client\pc_msfs2020_client\x64\debug\vc143.idb
c:\users\alex\source\repos\pc_msfs2020_client\pc_msfs2020_client\x64\debug\pc_msfs2020_client.obj
c:\users\alex\source\repos\pc_msfs2020_client\x64\debug\pc_msfs2020_client.pdb
c:\users\alex\source\repos\pc_msfs2020_client\pc_msfs2020_client\x64\debug\pc_msfs2.4ddfe1b7.tlog\cl.command.1.tlog
c:\users\alex\source\repos\pc_msfs2020_client\pc_msfs2020_client\x64\debug\pc_msfs2.4ddfe1b7.tlog\cl.read.1.tlog
c:\users\alex\source\repos\pc_msfs2020_client\pc_msfs2020_client\x64\debug\pc_msfs2.4ddfe1b7.tlog\cl.write.1.tlog
c:\users\alex\source\repos\pc_msfs2020_client\pc_msfs2020_client\x64\debug\pc_msfs2.4ddfe1b7.tlog\link-cvtres.read.1.tlog
c:\users\alex\source\repos\pc_msfs2020_client\pc_msfs2020_client\x64\debug\pc_msfs2.4ddfe1b7.tlog\link-cvtres.write.1.tlog
c:\users\alex\source\repos\pc_msfs2020_client\pc_msfs2020_client\x64\debug\pc_msfs2.4ddfe1b7.tlog\link-rc.read.1.tlog
c:\users\alex\source\repos\pc_msfs2020_client\pc_msfs2020_client\x64\debug\pc_msfs2.4ddfe1b7.tlog\link-rc.write.1.tlog
c:\users\alex\source\repos\pc_msfs2020_client\pc_msfs2020_client\x64\debug\pc_msfs2.4ddfe1b7.tlog\link.8868-cvtres.read.1.tlog
c:\users\alex\source\repos\pc_msfs2020_client\pc_msfs2020_client\x64\debug\pc_msfs2.4ddfe1b7.tlog\link.8868-cvtres.write.1.tlog
c:\users\alex\source\repos\pc_msfs2020_client\pc_msfs2020_client\x64\debug\pc_msfs2.4ddfe1b7.tlog\link.8868-rc.read.1.tlog
c:\users\alex\source\repos\pc_msfs2020_client\pc_msfs2020_client\x64\debug\pc_msfs2.4ddfe1b7.tlog\link.8868-rc.write.1.tlog
c:\users\alex\source\repos\pc_msfs2020_client\pc_msfs2020_client\x64\debug\pc_msfs2.4ddfe1b7.tlog\link.8868.read.1.tlog
c:\users\alex\source\repos\pc_msfs2020_client\pc_msfs2020_client\x64\debug\pc_msfs2.4ddfe1b7.tlog\link.8868.read.2.tlog
c:\users\alex\source\repos\pc_msfs2020_client\pc_msfs2020_client\x64\debug\pc_msfs2.4ddfe1b7.tlog\link.8868.write.1.tlog
c:\users\alex\source\repos\pc_msfs2020_client\pc_msfs2020_client\x64\debug\pc_msfs2.4ddfe1b7.tlog\link.command.1.tlog
c:\users\alex\source\repos\pc_msfs2020_client\pc_msfs2020_client\x64\debug\pc_msfs2.4ddfe1b7.tlog\link.read.1.tlog
c:\users\alex\source\repos\pc_msfs2020_client\pc_msfs2020_client\x64\debug\pc_msfs2.4ddfe1b7.tlog\link.read.2.tlog
c:\users\alex\source\repos\pc_msfs2020_client\pc_msfs2020_client\x64\debug\pc_msfs2.4ddfe1b7.tlog\link.write.1.tlog
